Построение начато 14.12.2015 22:14:14.
     1>Проект "C:\Documents\Visual Studio 2010\Projects\Memory_Stack\Memory_Stack\Memory_Stack.vcxproj" в узле 2 (целевые объекты build).
     1>InitializeBuildStatus:
         Обращение к "Debug\Memory_Stack.unsuccessfulbuild".
       ClCompile:
         Для всех выходных данных обновления не требуется.
         C:\Program Files (x86)\Microsoft Visual Studio 10.0\VC\bin\CL.exe /c /ZI /nologo /W3 /WX- /Od /Oy- /D WIN32 /D _DEBUG /D _CONSOLE /D _UNICODE /D UNICODE /Gm /EHsc /RTC1 /MDd /GS /fp:precise /Zc:wchar_t /Zc:forScope /Yu"StdAfx.h" /Fp"Debug\Memory_Stack.pch" /Fo"Debug\\" /Fd"Debug\vc100.pdb" /Gd /TP /analyze- /errorReport:prompt TParser.cpp
         TParser.cpp
     1>c:\documents\visual studio 2010\projects\memory_stack\memory_stack\tparser.h(21): warning C4996: 'strcpy': This function or variable may be unsafe. Consider using strcpy_s instead. To disable deprecation, use _CRT_SECURE_NO_WARNINGS. See online help for details.
                 c:\program files (x86)\microsoft visual studio 10.0\vc\include\string.h(105): см. объявление "strcpy"
       ManifestResourceCompile:
         Для всех выходных данных обновления не требуется.
       Link:
         C:\Program Files (x86)\Microsoft Visual Studio 10.0\VC\bin\link.exe /ERRORREPORT:PROMPT /OUT:"C:\Documents\Visual Studio 2010\Projects\Memory_Stack\Debug\Memory_Stack.exe" /INCREMENTAL /NOLOGO kernel32.lib user32.lib gdi32.lib winspool.lib comdlg32.lib advapi32.lib shell32.lib ole32.lib oleaut32.lib uuid.lib odbc32.lib odbccp32.lib /MANIFEST /ManifestFile:"Debug\Memory_Stack.exe.intermediate.manifest" /MANIFESTUAC:"level='asInvoker' uiAccess='false'" /DEBUG /PDB:"C:\Documents\Visual Studio 2010\Projects\Memory_Stack\Debug\Memory_Stack.pdb" /SUBSYSTEM:CONSOLE /TLBID:1 /DYNAMICBASE /NXCOMPAT /IMPLIB:"C:\Documents\Visual Studio 2010\Projects\Memory_Stack\Debug\Memory_Stack.lib" /MACHINE:X86 Debug\Memory_Stack.exe.embed.manifest.res
         Debug\Memory_Stack.obj
         Debug\stdafx.obj
         Debug\TParser.obj
         Debug\TStack.obj
     1>Memory_Stack.obj : error LNK2019: ссылка на неразрешенный внешний символ "public: __thiscall TParser::~TParser(void)" (??1TParser@@QAE@XZ) в функции _wmain
     1>C:\Documents\Visual Studio 2010\Projects\Memory_Stack\Debug\Memory_Stack.exe : fatal error LNK1120: 1 неразрешенных внешних элементов
     1>Построение проекта "C:\Documents\Visual Studio 2010\Projects\Memory_Stack\Memory_Stack\Memory_Stack.vcxproj" завершено (целевые объекты build) с ошибкой.

СБОЙ построения.

Затраченное время: 00:00:00.26
